<?xml version="1.0" encoding="UTF-8"?>
<!-- Generated by org.testng.reporters.JUnitXMLReporter -->
<testsuite hostname="GINBAKS" ignored="1" name="passwordHashingTests" tests="1" failures="0" timestamp="22 Mar 2020 20:30:15 GMT" time="0.722" errors="0">
  <testcase name="passwordHashingTest" time="0.279" classname="test.PasswordHashingTests"/>
  <testcase name="editedPasswordHashingTest" time="0.0" classname="test.PasswordHashingTests">
    <ignored/>
  </testcase> <!-- editedPasswordHashingTest -->
</testsuite> <!-- passwordHashingTests -->
