<?xml version="1.0" encoding="UTF-8"?>
<!-- Generated by org.testng.reporters.JUnitXMLReporter -->
<testsuite hostname="DESKTOP-UQOQGP4" ignored="0" name="loginTests" tests="4" failures="0" timestamp="19 Feb 2020 11:00:38 GMT" time="3.432" errors="0">
  <testcase name="emptyLoginFieldsTest" time="0.482" classname="test.loginTests"/>
  <testcase name="wrongLoginTest" time="0.535" classname="test.loginTests"/>
  <testcase name="adminLoginTest" time="1.104" classname="test.loginTests"/>
  <testcase name="userLoginTest" time="1.127" classname="test.loginTests"/>
</testsuite> <!-- loginTests -->
