<?xml version="1.0" encoding="UTF-8"?>
<!-- Generated by org.testng.reporters.JUnitXMLReporter -->
<testsuite hostname="DESKTOP-UQOQGP4" ignored="0" name="editGroupTests" tests="3" failures="0" timestamp="25 Mar 2020 07:13:48 GMT" time="10.557" errors="0">
  <testcase name="editGroupName" time="3.0" classname="test.EditGroupTest"/>
  <testcase name="updateGroupUsersTest" time="2.916" classname="test.EditGroupTest"/>
  <testcase name="updateGroupCreatSignRightsTest" time="3.776" classname="test.EditGroupTest"/>
</testsuite> <!-- editGroupTests -->
