<?xml version="1.0" encoding="UTF-8"?>
<!-- Generated by org.testng.reporters.JUnitXMLReporter -->
<testsuite hostname="DESKTOP-UQOQGP4" ignored="0" name="newUserCreationTests" tests="1" failures="0" timestamp="20 Feb 2020 08:12:36 GMT" time="0.333" errors="0">
  <testcase name="@BeforeClass preconditions" time="0.294" classname="test.newUserCreationTests">
    <failure type="java.lang.NullPointerException">
      <![CDATA[java.lang.NullPointerException
at test.newUserCreationTests.preconditions(newUserCreationTests.java:53)
... Removed 26 stack frames]]>
    </failure>
  </testcase> <!-- @BeforeClass preconditions -->
  <testcase name="newUserCreationTest" time="0.0" classname="test.newUserCreationTests">
    <skipped/>
  </testcase> <!-- newUserCreationTest -->
</testsuite> <!-- newUserCreationTests -->
