<?xml version="1.0" encoding="UTF-8"?>
<!-- Generated by org.testng.reporters.JUnitXMLReporter -->
<testsuite hostname="DESKTOP-UQOQGP4" ignored="0" name="Default test" tests="4" failures="0" timestamp="11 Feb 2020 07:35:10 GMT" time="7.706" errors="0">
  <testcase name="adminLoginTest" time="1.124" classname="test.loginTests"/>
  <testcase name="emptyLoginFieldsTest" time="0.084" classname="test.loginTests"/>
  <testcase name="userLoginTest" time="0.453" classname="test.loginTests"/>
  <testcase name="wrongLoginTest" time="0.253" classname="test.loginTests"/>
</testsuite> <!-- Default test -->
