<?xml version="1.0" encoding="UTF-8"?>
<!-- Generated by org.testng.reporters.JUnitXMLReporter -->
<testsuite hostname="DESKTOP-UQOQGP4" ignored="2" name="Default test" tests="1" failures="0" timestamp="13 Feb 2020 07:15:47 GMT" time="12.007" errors="0">
  <testcase name="userInGroupTest" time="4.609" classname="test.NewGroupTests"/>
  <testcase name="createGroupTest" time="0.0" classname="test.NewGroupTests">
    <ignored/>
  </testcase> <!-- createGroupTest -->
  <testcase name="groupWithoutNameTest" time="0.0" classname="test.NewGroupTests">
    <ignored/>
  </testcase> <!-- groupWithoutNameTest -->
</testsuite> <!-- Default test -->
