<?xml version="1.0" encoding="UTF-8"?>
<!-- Generated by org.testng.reporters.JUnitXMLReporter -->
<testsuite hostname="DESKTOP-UQOQGP4" ignored="0" name="Default test" tests="4" failures="0" timestamp="17 Feb 2020 10:56:28 GMT" time="15.584" errors="0">
  <testcase name="emptyLoginFieldsTest" time="0.3" classname="test.loginTests"/>
  <testcase name="wrongLoginTest" time="0.406" classname="test.loginTests"/>
  <testcase name="adminLoginTest" time="1.118" classname="test.loginTests"/>
  <testcase name="userLoginTest" time="1.099" classname="test.loginTests"/>
</testsuite> <!-- Default test -->
