<?xml version="1.0" encoding="UTF-8"?>
<testng-results skipped="0" failed="0" ignored="0" total="1" passed="1">
  <reporter-output>
  </reporter-output>
  <suite name="newDocumentTests" duration-ms="5269" started-at="2020-03-22T09:22:17Z" finished-at="2020-03-22T09:22:22Z">
    <groups>
      <group name="newDocumentTests">
        <method signature="NewDocumentTests.createNewDocumentTest(java.lang.String, java.lang.String)[pri:1, instance:test.NewDocumentTests@3c0ecd4b]" name="createNewDocumentTest" class="test.NewDocumentTests"/>
      </group> <!-- newDocumentTests -->
    </groups>
    <test name="newDocumentTests" duration-ms="5269" started-at="2020-03-22T09:22:17Z" finished-at="2020-03-22T09:22:22Z">
      <class name="test.NewDocumentTests">
        <test-method status="PASS" signature="beforeSuite()[pri:0, instance:test.NewDocumentTests@3c0ecd4b]" name="beforeSuite" is-config="true" duration-ms="6242" started-at="2020-03-22T09:22:11Z" finished-at="2020-03-22T09:22:17Z">
          <reporter-output>
          </reporter-output>
        </test-method> <!-- beforeSuite -->
        <test-method status="PASS" signature="preconditions(java.lang.String, java.lang.String, java.lang.String, java.lang.String, java.lang.String, java.lang.String)[pri:0, instance:test.NewDocumentTests@3c0ecd4b]" name="preconditions" is-config="true" duration-ms="261" started-at="2020-03-22T09:22:17Z" finished-at="2020-03-22T09:22:17Z">
          <params>
            <param index="0">
              <value>
                <![CDATA[GroupForNewDocumentTests1]]>
              </value>
            </param>
            <param index="1">
              <value>
                <![CDATA[userFirstName]]>
              </value>
            </param>
            <param index="2">
              <value>
                <![CDATA[userLastName]]>
              </value>
            </param>
            <param index="3">
              <value>
                <![CDATA[123456789]]>
              </value>
            </param>
            <param index="4">
              <value>
                <![CDATA[userUserName1]]>
              </value>
            </param>
            <param index="5">
              <value>
                <![CDATA[testDocType]]>
              </value>
            </param>
          </params>
          <reporter-output>
          </reporter-output>
        </test-method> <!-- preconditions -->
        <test-method status="PASS" signature="login(java.lang.String, java.lang.String)[pri:0, instance:test.NewDocumentTests@3c0ecd4b]" name="login" is-config="true" duration-ms="322" started-at="2020-03-22T09:22:17Z" finished-at="2020-03-22T09:22:18Z">
          <params>
            <param index="0">
              <value>
                <![CDATA[userUserName1]]>
              </value>
            </param>
            <param index="1">
              <value>
                <![CDATA[123456789]]>
              </value>
            </param>
          </params>
          <reporter-output>
          </reporter-output>
        </test-method> <!-- login -->
        <test-method status="PASS" signature="createNewDocumentTest(java.lang.String, java.lang.String)[pri:1, instance:test.NewDocumentTests@3c0ecd4b]" name="createNewDocumentTest" duration-ms="4464" started-at="2020-03-22T09:22:18Z" finished-at="2020-03-22T09:22:22Z">
          <params>
            <param index="0">
              <value>
                <![CDATA[src/test/java/utilities/testFile.pdf]]>
              </value>
            </param>
            <param index="1">
              <value>
                <![CDATA[testFile.pdf]]>
              </value>
            </param>
          </params>
          <reporter-output>
          </reporter-output>
        </test-method> <!-- createNewDocumentTest -->
        <test-method status="PASS" signature="logout()[pri:0, instance:test.NewDocumentTests@3c0ecd4b]" name="logout" is-config="true" duration-ms="128" started-at="2020-03-22T09:22:22Z" finished-at="2020-03-22T09:22:22Z">
          <reporter-output>
          </reporter-output>
        </test-method> <!-- logout -->
        <test-method status="PASS" signature="deleteEntities()[pri:0, instance:test.NewDocumentTests@3c0ecd4b]" name="deleteEntities" is-config="true" duration-ms="49" started-at="2020-03-22T09:22:22Z" finished-at="2020-03-22T09:22:22Z">
          <reporter-output>
          </reporter-output>
        </test-method> <!-- deleteEntities -->
        <test-method status="PASS" signature="afterSuite()[pri:0, instance:test.NewDocumentTests@3c0ecd4b]" name="afterSuite" is-config="true" duration-ms="668" started-at="2020-03-22T09:22:22Z" finished-at="2020-03-22T09:22:23Z">
          <reporter-output>
          </reporter-output>
        </test-method> <!-- afterSuite -->
      </class> <!-- test.NewDocumentTests -->
    </test> <!-- newDocumentTests -->
  </suite> <!-- newDocumentTests -->
</testng-results>
