<?xml version="1.0" encoding="UTF-8"?>
<!-- Generated by org.testng.reporters.JUnitXMLReporter -->
<testsuite hostname="DESKTOP-UQOQGP4" ignored="0" name="editGroupTests" tests="3" failures="0" timestamp="22 Mar 2020 12:55:00 GMT" time="11.315" errors="0">
  <testcase name="editGroupName" time="3.051" classname="test.EditGroupTest"/>
  <testcase name="updateGroupUsersTest" time="3.457" classname="test.EditGroupTest"/>
  <testcase name="updateGroupCreatSignRightsTest" time="4.202" classname="test.EditGroupTest"/>
</testsuite> <!-- editGroupTests -->
