<?xml version="1.0" encoding="UTF-8"?>
<!-- Generated by org.testng.reporters.JUnitXMLReporter -->
<testsuite hostname="DESKTOP-UQOQGP4" ignored="0" name="newGroupTests" tests="3" failures="0" timestamp="25 Mar 2020 06:32:02 GMT" time="6.659" errors="0">
  <testcase name="groupWithoutNameTest" time="1.491" classname="test.NewGroupTests"/>
  <testcase name="createGroupTest" time="2.654" classname="test.NewGroupTests"/>
  <testcase name="userInGroupTest" time="1.196" classname="test.NewGroupTests"/>
</testsuite> <!-- newGroupTests -->
