<?xml version="1.0" encoding="UTF-8"?>
<!-- Generated by org.testng.reporters.JUnitXMLReporter -->
<testsuite hostname="DESKTOP-UQOQGP4" ignored="1" name="newGroupTests" tests="3" failures="0" timestamp="09 Mar 2020 09:59:35 GMT" time="5.545" errors="0">
  <testcase name="createGroupTest" time="2.758" classname="test.NewGroupTests"/>
  <testcase name="groupWithoutNameTest" time="0.649" classname="test.NewGroupTests"/>
  <testcase name="userInGroupTest" time="0.509" classname="test.NewGroupTests"/>
  <testcase name="editGroupTest" time="0.0" classname="test.NewGroupTests">
    <ignored/>
  </testcase> <!-- editGroupTest -->
</testsuite> <!-- newGroupTests -->
