<?xml version="1.0" encoding="UTF-8"?>
<!-- Generated by org.testng.reporters.JUnitXMLReporter -->
<testsuite hostname="GINBAKS" ignored="2" name="submitSignDeclineDocumentTests" tests="1" failures="0" timestamp="18 Mar 2020 21:15:07 GMT" time="4.552" errors="0">
  <testcase name="submitDocumentTest" time="4.052" classname="test.SubmitSignDeclineDocumentTests"/>
  <testcase name="declineDocumentTest" time="0.0" classname="test.SubmitSignDeclineDocumentTests">
    <ignored/>
  </testcase> <!-- declineDocumentTest -->
  <testcase name="signDocumentTest" time="0.0" classname="test.SubmitSignDeclineDocumentTests">
    <ignored/>
  </testcase> <!-- signDocumentTest -->
</testsuite> <!-- submitSignDeclineDocumentTests -->
