<?xml version="1.0" encoding="UTF-8"?>
<!-- Generated by org.testng.reporters.JUnitXMLReporter -->
<testsuite hostname="GINBAKS" ignored="0" name="editUserTests" tests="1" failures="1" timestamp="22 Mar 2020 13:37:33 GMT" time="27.968" errors="0">
  <testcase name="editUserTest" time="27.303" classname="test.EditUserTests">
    <failure type="java.lang.AssertionError" message="User&amp;apos;s role isn&amp;apos;t displayed correctly in user list expected [true] but found [false]">
      <![CDATA[java.lang.AssertionError: User's role isn't displayed correctly in user list expected [true] but found [false]
at test.EditUserTests.editUserTest(EditUserTests.java:128)
... Removed 28 stack frames]]>
    </failure>
  </testcase> <!-- editUserTest -->
</testsuite> <!-- editUserTests -->
