<?xml version="1.0" encoding="UTF-8"?>
<!-- Generated by org.testng.reporters.JUnitXMLReporter -->
<testsuite hostname="GINBAKS" ignored="0" name="newUserTests" tests="14" failures="0" timestamp="25 Mar 2020 10:03:54 GMT" time="24.137" errors="0">
  <testcase name="createNewAdminTest" time="4.536" classname="test.NewUserTests"/>
  <testcase name="createNewUserTest" time="4.425" classname="test.NewUserTests"/>
  <testcase name="newUserTestEmptyFirstNameField" time="0.797" classname="test.NewUserTests"/>
  <testcase name="newUserTestEmptyLastNameField" time="0.753" classname="test.NewUserTests"/>
  <testcase name="newUserTestNotUniqueUsername" time="0.922" classname="test.NewUserTests"/>
  <testcase name="newUserTestFirstName21char" time="0.853" classname="test.NewUserTests"/>
  <testcase name="newUserTestLastName21char" time="0.814" classname="test.NewUserTests"/>
  <testcase name="newUserTestPassword21char" time="0.864" classname="test.NewUserTests"/>
  <testcase name="newUserTestPassword3char" time="0.763" classname="test.NewUserTests"/>
  <testcase name="newUserTestPasswordWithSpace" time="0.89" classname="test.NewUserTests"/>
  <testcase name="newUserTestUsername21char" time="0.933" classname="test.NewUserTests"/>
  <testcase name="newUserTestUsername3char" time="0.75" classname="test.NewUserTests"/>
  <testcase name="newUserTestUsernameSpecChar" time="0.841" classname="test.NewUserTests"/>
  <testcase name="newUserTestUsernameWithSpace" time="0.805" classname="test.NewUserTests"/>
</testsuite> <!-- newUserTests -->
