<?xml version="1.0" encoding="UTF-8"?>
<!-- Generated by org.testng.reporters.JUnitXMLReporter -->
<testsuite hostname="GINBAKS" ignored="0" name="newUserTests" tests="14" failures="0" timestamp="21 Mar 2020 20:59:12 GMT" time="24.762" errors="0">
  <testcase name="createNewAdminTest" time="4.471" classname="test.NewUserTests"/>
  <testcase name="createNewUserTest" time="4.327" classname="test.NewUserTests"/>
  <testcase name="newUserTestEmptyFirstNameField" time="0.888" classname="test.NewUserTests"/>
  <testcase name="newUserTestEmptyLastNameField" time="0.817" classname="test.NewUserTests"/>
  <testcase name="newUserTestFirstName21char" time="1.045" classname="test.NewUserTests"/>
  <testcase name="newUserTestLastName21char" time="0.951" classname="test.NewUserTests"/>
  <testcase name="newUserTestNotUniqueUsername" time="0.947" classname="test.NewUserTests"/>
  <testcase name="newUserTestPassword21char" time="0.965" classname="test.NewUserTests"/>
  <testcase name="newUserTestPassword3char" time="0.875" classname="test.NewUserTests"/>
  <testcase name="newUserTestPasswordWithSpace" time="0.898" classname="test.NewUserTests"/>
  <testcase name="newUserTestUsername21char" time="0.961" classname="test.NewUserTests"/>
  <testcase name="newUserTestUsername3char" time="0.876" classname="test.NewUserTests"/>
  <testcase name="newUserTestUsernameSpecChar" time="0.865" classname="test.NewUserTests"/>
  <testcase name="newUserTestUsernameWithSpace" time="0.866" classname="test.NewUserTests"/>
</testsuite> <!-- newUserTests -->
