<?xml version="1.0" encoding="UTF-8"?>
<!-- Generated by org.testng.reporters.JUnitXMLReporter -->
<testsuite hostname="GINBAKS" ignored="0" name="newUserTests" tests="14" failures="0" timestamp="15 Mar 2020 01:08:37 GMT" time="34.874" errors="0">
  <testcase name="createNewAdminTest" time="9.905" classname="test.NewUserTests"/>
  <testcase name="createNewUserTest" time="12.006" classname="test.NewUserTests"/>
  <testcase name="newUserTestEmptyFirstNameField" time="0.65" classname="test.NewUserTests"/>
  <testcase name="newUserTestEmptyLastNameField" time="0.608" classname="test.NewUserTests"/>
  <testcase name="newUserTestFirstName21char" time="0.81" classname="test.NewUserTests"/>
  <testcase name="newUserTestLastName21char" time="0.74" classname="test.NewUserTests"/>
  <testcase name="newUserTestNotUniqueUsername" time="0.661" classname="test.NewUserTests"/>
  <testcase name="newUserTestPassword21char" time="0.73" classname="test.NewUserTests"/>
  <testcase name="newUserTestPassword3char" time="0.614" classname="test.NewUserTests"/>
  <testcase name="newUserTestPasswordWithSpace" time="0.698" classname="test.NewUserTests"/>
  <testcase name="newUserTestUsername21char" time="0.725" classname="test.NewUserTests"/>
  <testcase name="newUserTestUsername3char" time="0.596" classname="test.NewUserTests"/>
  <testcase name="newUserTestUsernameSpecChar" time="0.664" classname="test.NewUserTests"/>
  <testcase name="newUserTestUsernameWithSpace" time="0.672" classname="test.NewUserTests"/>
</testsuite> <!-- newUserTests -->
