<?xml version="1.0" encoding="UTF-8"?>
<!-- Generated by org.testng.reporters.JUnitXMLReporter -->
<testsuite hostname="GINBAKS" ignored="0" name="loginTests" tests="4" failures="1" timestamp="20 Feb 2020 10:14:59 GMT" time="2.967" errors="0">
  <testcase name="emptyLoginFieldsTest" time="0.423" classname="test.loginTests">
    <failure type="java.lang.AssertionError" message="Incorrect Username or Password! text is not displayed expected [true] but found [false]">
      <![CDATA[java.lang.AssertionError: Incorrect Username or Password! text is not displayed expected [true] but found [false]
at test.loginTests.emptyLoginFieldsTest(loginTests.java:68)
... Removed 28 stack frames]]>
    </failure>
  </testcase> <!-- emptyLoginFieldsTest -->
  <testcase name="wrongLoginTest" time="0.37" classname="test.loginTests"/>
  <testcase name="adminLoginTest" time="1.023" classname="test.loginTests"/>
  <testcase name="userLoginTest" time="1.002" classname="test.loginTests"/>
</testsuite> <!-- loginTests -->
