<?xml version="1.0" encoding="UTF-8"?>
<!-- Generated by org.testng.reporters.JUnitXMLReporter -->
<testsuite hostname="DESKTOP-UQOQGP4" ignored="0" name="loginTests" tests="4" failures="0" timestamp="27 Feb 2020 09:37:26 GMT" time="4.578" errors="0">
  <testcase name="emptyLoginFieldsTest" time="1.025" classname="test.loginTests"/>
  <testcase name="adminLoginTest" time="1.185" classname="test.loginTests"/>
  <testcase name="userLoginTest" time="1.108" classname="test.loginTests"/>
  <testcase name="wrongLoginTest" time="1.071" classname="test.loginTests"/>
</testsuite> <!-- loginTests -->
