<?xml version="1.0" encoding="UTF-8"?>
<!-- Generated by org.testng.reporters.JUnitXMLReporter -->
<testsuite hostname="DESKTOP-UQOQGP4" ignored="0" name="loginTests" tests="4" failures="0" timestamp="25 Mar 2020 07:00:34 GMT" time="4.137" errors="0">
  <testcase name="emptyLoginFieldsTest" time="0.876" classname="test.loginTests"/>
  <testcase name="adminLoginTest" time="1.099" classname="test.loginTests"/>
  <testcase name="userLoginTest" time="1.032" classname="test.loginTests"/>
  <testcase name="wrongLoginTest" time="0.978" classname="test.loginTests"/>
</testsuite> <!-- loginTests -->
