<?xml version="1.0" encoding="UTF-8"?>
<!-- Generated by org.testng.reporters.JUnitXMLReporter -->
<testsuite hostname="DESKTOP-UQOQGP4" ignored="0" name="newDocTypeTests" tests="3" failures="0" timestamp="20 Feb 2020 06:55:26 GMT" time="2.849" errors="0">
  <testcase name="createNewDocTypeTest" time="1.776" classname="test.NewDocTypeTests"/>
  <testcase name="docTypeNoNameTest" time="0.456" classname="test.NewDocTypeTests"/>
  <testcase name="docTypeGroupsTest" time="0.245" classname="test.NewDocTypeTests"/>
</testsuite> <!-- newDocTypeTests -->
