<?xml version="1.0" encoding="UTF-8"?>
<!-- Generated by org.testng.reporters.JUnitXMLReporter -->
<testsuite hostname="DESKTOP-UQOQGP4" ignored="0" name="newDocTypeTests" tests="3" failures="0" timestamp="20 Feb 2020 08:41:33 GMT" time="2.88" errors="0">
  <testcase name="createNewDocTypeTest" time="1.814" classname="test.NewDocTypeTests"/>
  <testcase name="docTypeNoNameTest" time="0.466" classname="test.NewDocTypeTests"/>
  <testcase name="docTypeGroupsTest" time="0.216" classname="test.NewDocTypeTests"/>
</testsuite> <!-- newDocTypeTests -->
