<?xml version="1.0" encoding="UTF-8"?>
<!-- Generated by org.testng.reporters.JUnitXMLReporter -->
<testsuite hostname="DESKTOP-UQOQGP4" ignored="0" name="newGroupTests" tests="3" failures="0" timestamp="25 Mar 2020 07:00:43 GMT" time="6.122" errors="0">
  <testcase name="groupWithoutNameTest" time="1.051" classname="test.NewGroupTests"/>
  <testcase name="createGroupTest" time="2.43" classname="test.NewGroupTests"/>
  <testcase name="userInGroupTest" time="1.514" classname="test.NewGroupTests"/>
</testsuite> <!-- newGroupTests -->
