<?xml version="1.0" encoding="UTF-8"?>
<!-- Generated by org.testng.reporters.JUnitXMLReporter -->
<testsuite hostname="GINBAKS" ignored="2" name="newGroupTests" tests="3" failures="0" timestamp="20 Feb 2020 10:15:02 GMT" time="0.028" errors="0">
  <testcase name="@BeforeClass preconitions" time="0.0" classname="test.NewGroupTests">
    <failure type="java.lang.Error" message="Unresolved compilation problems: 
	wait cannot be resolved to a variable
	WebDriverWait cannot be resolved to a type
">
      <![CDATA[java.lang.Error: Unresolved compilation problems: 
wait cannot be resolved to a variable
WebDriverWait cannot be resolved to a type

at test.NewGroupTests.preconitions(NewGroupTests.java:36)
... Removed 26 stack frames]]>
    </failure>
  </testcase> <!-- @BeforeClass preconitions -->
  <testcase name="@BeforeGroups login" time="0.0" classname="test.NewGroupTests">
    <skipped/>
  </testcase> <!-- @BeforeGroups login -->
  <testcase name="@BeforeMethod navigateToNewGroupPage" time="0.0" classname="test.NewGroupTests">
    <skipped/>
  </testcase> <!-- @BeforeMethod navigateToNewGroupPage -->
  <testcase name="@AfterMethod afterTest" time="0.0" classname="test.NewGroupTests">
    <skipped/>
  </testcase> <!-- @AfterMethod afterTest -->
  <testcase name="@BeforeMethod navigateToNewGroupPage" time="0.0" classname="test.NewGroupTests">
    <skipped/>
  </testcase> <!-- @BeforeMethod navigateToNewGroupPage -->
  <testcase name="@AfterMethod afterTest" time="0.0" classname="test.NewGroupTests">
    <skipped/>
  </testcase> <!-- @AfterMethod afterTest -->
  <testcase name="@BeforeMethod navigateToNewGroupPage" time="0.0" classname="test.NewGroupTests">
    <skipped/>
  </testcase> <!-- @BeforeMethod navigateToNewGroupPage -->
  <testcase name="@AfterMethod afterTest" time="0.0" classname="test.NewGroupTests">
    <skipped/>
  </testcase> <!-- @AfterMethod afterTest -->
  <testcase name="@AfterGroups logout" time="0.0" classname="test.NewGroupTests">
    <skipped/>
  </testcase> <!-- @AfterGroups logout -->
  <testcase name="createGroupTest" time="0.0" classname="test.NewGroupTests">
    <skipped/>
  </testcase> <!-- createGroupTest -->
  <testcase name="groupWithoutNameTest" time="0.0" classname="test.NewGroupTests">
    <skipped/>
  </testcase> <!-- groupWithoutNameTest -->
  <testcase name="userInGroupTest" time="0.0" classname="test.NewGroupTests">
    <skipped/>
  </testcase> <!-- userInGroupTest -->
  <testcase name="docTypeTest" time="0.0" classname="test.NewGroupTests">
    <ignored/>
  </testcase> <!-- docTypeTest -->
  <testcase name="editGroupTest" time="0.0" classname="test.NewGroupTests">
    <ignored/>
  </testcase> <!-- editGroupTest -->
</testsuite> <!-- newGroupTests -->
