<?xml version="1.0" encoding="UTF-8"?>
<!-- Generated by org.testng.reporters.JUnitXMLReporter -->
<testsuite hostname="DESKTOP-UQOQGP4" ignored="0" name="newGroupTests" tests="3" failures="0" timestamp="21 Mar 2020 10:50:05 GMT" time="3.938" errors="0">
  <testcase name="createGroupTest" time="1.194" classname="test.NewGroupTests"/>
  <testcase name="groupWithoutNameTest" time="0.599" classname="test.NewGroupTests"/>
  <testcase name="userInGroupTest" time="0.424" classname="test.NewGroupTests"/>
</testsuite> <!-- newGroupTests -->
