<?xml version="1.0" encoding="UTF-8"?>
<!-- Generated by org.testng.reporters.JUnitXMLReporter -->
<testsuite hostname="DESKTOP-UQOQGP4" ignored="1" name="newGroupTests" tests="3" failures="0" timestamp="27 Feb 2020 09:37:34 GMT" time="5.232" errors="0">
  <testcase name="createGroupTest" time="1.545" classname="test.NewGroupTests"/>
  <testcase name="groupWithoutNameTest" time="0.391" classname="test.NewGroupTests"/>
  <testcase name="userInGroupTest" time="0.715" classname="test.NewGroupTests"/>
  <testcase name="editGroupTest" time="0.0" classname="test.NewGroupTests">
    <ignored/>
  </testcase> <!-- editGroupTest -->
</testsuite> <!-- newGroupTests -->
