<?xml version="1.0" encoding="UTF-8"?>
<!-- Generated by org.testng.reporters.JUnitXMLReporter -->
<testsuite hostname="DESKTOP-UQOQGP4" ignored="0" name="loginTests" tests="4" failures="0" timestamp="20 Feb 2020 07:20:54 GMT" time="3.329" errors="0">
  <testcase name="emptyLoginFieldsTest" time="0.438" classname="test.loginTests"/>
  <testcase name="wrongLoginTest" time="0.507" classname="test.loginTests"/>
  <testcase name="adminLoginTest" time="1.088" classname="test.loginTests"/>
  <testcase name="userLoginTest" time="1.126" classname="test.loginTests"/>
</testsuite> <!-- loginTests -->
