<?xml version="1.0" encoding="UTF-8"?>
<!-- Generated by org.testng.reporters.JUnitXMLReporter -->
<testsuite hostname="DESKTOP-UQOQGP4" ignored="0" name="newDocTypeTests" tests="3" failures="0" timestamp="25 Mar 2020 06:47:25 GMT" time="5.348" errors="0">
  <testcase name="docTypeNoNameTest" time="1.368" classname="test.NewDocTypeTests"/>
  <testcase name="createNewDocTypeTest" time="2.011" classname="test.NewDocTypeTests"/>
  <testcase name="docTypeGroupsTest" time="1.085" classname="test.NewDocTypeTests"/>
</testsuite> <!-- newDocTypeTests -->
