<?xml version="1.0" encoding="UTF-8"?>
<!-- Generated by org.testng.reporters.JUnitXMLReporter -->
<testsuite hostname="DESKTOP-UQOQGP4" ignored="0" name="newDocTypeTests" tests="3" failures="0" timestamp="24 Mar 2020 07:05:42 GMT" time="5.283" errors="0">
  <testcase name="docTypeNoNameTest" time="1.344" classname="test.NewDocTypeTests"/>
  <testcase name="createNewDocTypeTest" time="1.977" classname="test.NewDocTypeTests"/>
  <testcase name="docTypeGroupsTest" time="1.109" classname="test.NewDocTypeTests"/>
</testsuite> <!-- newDocTypeTests -->
