<?xml version="1.0" encoding="UTF-8"?>
<!-- Generated by org.testng.reporters.JUnitXMLReporter -->
<testsuite hostname="DESKTOP-UQOQGP4" ignored="0" name="newDocTypeTests" tests="3" failures="0" timestamp="20 Feb 2020 08:14:12 GMT" time="3.967" errors="0">
  <testcase name="createNewDocTypeTest" time="2.431" classname="test.NewDocTypeTests"/>
  <testcase name="docTypeNoNameTest" time="0.615" classname="test.NewDocTypeTests"/>
  <testcase name="docTypeGroupsTest" time="0.347" classname="test.NewDocTypeTests"/>
</testsuite> <!-- newDocTypeTests -->
