<?xml version="1.0" encoding="UTF-8"?>
<!-- Generated by org.testng.reporters.JUnitXMLReporter -->
<testsuite hostname="DESKTOP-UQOQGP4" ignored="0" name="newDocTypeTests" tests="3" failures="0" timestamp="21 Mar 2020 10:14:24 GMT" time="3.937" errors="0">
  <testcase name="docTypeNoNameTest" time="1.342" classname="test.NewDocTypeTests"/>
  <testcase name="createNewDocTypeTest" time="0.837" classname="test.NewDocTypeTests"/>
  <testcase name="docTypeGroupsTest" time="0.793" classname="test.NewDocTypeTests"/>
</testsuite> <!-- newDocTypeTests -->
